<?xml version="1.0" encoding="UTF-8"?>
<!-- Generated by org.testng.reporters.JUnitXMLReporter -->
<testsuite hostname="DESKTOP-0UOB5R2" ignored="0" name="Test" tests="4" failures="0" timestamp="15 Dec 2021 00:32:18 GMT" time="157.386" errors="0">
  <testcase name="login" time="76.438" classname="testNGBasic.LearnDataProvider"/>
  <testcase name="login" time="20.174" classname="testNGBasic.LearnDataProvider"/>
  <testcase name="login" time="19.596" classname="testNGBasic.LearnDataProvider"/>
  <testcase name="login" time="38.415" classname="testNGBasic.LearnDataProvider"/>
</testsuite> <!-- Test -->
