<?xml version="1.0" encoding="UTF-8"?>
<testng-results skipped="0" failed="0" total="3" passed="3">
  <reporter-output>
  </reporter-output>
  <suite name="Default suite" duration-ms="29919" started-at="2022-03-23T13:33:07Z" finished-at="2022-03-23T13:33:36Z">
    <groups>
    </groups>
    <test name="Default test" duration-ms="29919" started-at="2022-03-23T13:33:07Z" finished-at="2022-03-23T13:33:36Z">
      <class name="org.testDD.Greens">
        <test-method status="PASS" signature="befCls()[pri:0, instance:org.testDD.Greens@48140564]" name="befCls" is-config="true" duration-ms="24361" started-at="2022-03-23T19:03:07Z" finished-at="2022-03-23T19:03:31Z">
          <reporter-output>
          </reporter-output>
        </test-method> <!-- befCls -->
        <test-method status="PASS" signature="befMethod()[pri:0, instance:org.testDD.Greens@48140564]" name="befMethod" is-config="true" duration-ms="0" started-at="2022-03-23T19:03:31Z" finished-at="2022-03-23T19:03:31Z">
          <reporter-output>
          </reporter-output>
        </test-method> <!-- befMethod -->
        <test-method status="PASS" signature="tc1()[pri:0, instance:org.testDD.Greens@48140564]" name="tc1" duration-ms="148" started-at="2022-03-23T19:03:31Z" finished-at="2022-03-23T19:03:31Z">
          <reporter-output>
          </reporter-output>
        </test-method> <!-- tc1 -->
        <test-method status="PASS" signature="AfMethod()[pri:0, instance:org.testDD.Greens@48140564]" name="AfMethod" is-config="true" duration-ms="0" started-at="2022-03-23T19:03:31Z" finished-at="2022-03-23T19:03:31Z">
          <reporter-output>
          </reporter-output>
        </test-method> <!-- AfMethod -->
        <test-method status="PASS" signature="tc2()[pri:0, instance:org.testDD.Greens@48140564]" name="tc2" duration-ms="657" started-at="2022-03-23T19:03:31Z" finished-at="2022-03-23T19:03:32Z">
          <reporter-output>
          </reporter-output>
        </test-method> <!-- tc2 -->
        <test-method status="PASS" signature="befMethod()[pri:0, instance:org.testDD.Greens@48140564]" name="befMethod" is-config="true" duration-ms="0" started-at="2022-03-23T19:03:31Z" finished-at="2022-03-23T19:03:31Z">
          <reporter-output>
          </reporter-output>
        </test-method> <!-- befMethod -->
        <test-method status="PASS" signature="befMethod()[pri:0, instance:org.testDD.Greens@48140564]" name="befMethod" is-config="true" duration-ms="8" started-at="2022-03-23T19:03:32Z" finished-at="2022-03-23T19:03:32Z">
          <reporter-output>
          </reporter-output>
        </test-method> <!-- befMethod -->
        <test-method status="PASS" signature="AfMethod()[pri:0, instance:org.testDD.Greens@48140564]" name="AfMethod" is-config="true" duration-ms="0" started-at="2022-03-23T19:03:32Z" finished-at="2022-03-23T19:03:32Z">
          <reporter-output>
          </reporter-output>
        </test-method> <!-- AfMethod -->
        <test-method status="PASS" signature="tc3()[pri:0, instance:org.testDD.Greens@48140564]" name="tc3" duration-ms="3881" started-at="2022-03-23T19:03:32Z" finished-at="2022-03-23T19:03:36Z">
          <reporter-output>
          </reporter-output>
        </test-method> <!-- tc3 -->
        <test-method status="PASS" signature="AfCls()[pri:0, instance:org.testDD.Greens@48140564]" name="AfCls" is-config="true" duration-ms="785" started-at="2022-03-23T19:03:36Z" finished-at="2022-03-23T19:03:36Z">
          <reporter-output>
          </reporter-output>
        </test-method> <!-- AfCls -->
        <test-method status="PASS" signature="AfMethod()[pri:0, instance:org.testDD.Greens@48140564]" name="AfMethod" is-config="true" duration-ms="0" started-at="2022-03-23T19:03:36Z" finished-at="2022-03-23T19:03:36Z">
          <reporter-output>
          </reporter-output>
        </test-method> <!-- AfMethod -->
      </class> <!-- org.testDD.Greens -->
    </test> <!-- Default test -->
  </suite> <!-- Default suite -->
</testng-results>
